2019-04-30 21:37:22.078  INFO 12436 --- [restartedMain] com.skytech.api.SkytechApiApplication    : Starting SkytechApiApplication on DESKTOP-VMHS255 with PID 12436 (started by 1 in D:\software\IntelliJ IDEA 2017.1\workspace\skytech-api\skytech-api)
2019-04-30 21:37:22.080  INFO 12436 --- [restartedMain] com.skytech.api.SkytechApiApplication    : No active profile set, falling back to default profiles: default
2019-04-30 21:37:22.141  INFO 12436 --- [restartedMain] ConfigServletWebServerApplicationContext : Refreshing org.springframework.boot.web.servlet.context.AnnotationConfigServletWebServerApplicationContext@4e9e684d: startup date [Tue Apr 30 21:37:22 CST 2019]; root of context hierarchy
2019-04-30 21:37:23.956  INFO 12436 --- [restartedMain] .s.d.r.c.RepositoryConfigurationDelegate : Multiple Spring Data modules found, entering strict repository configuration mode!
2019-04-30 21:37:24.458  INFO 12436 --- [restartedMain] trationDelegate$BeanPostProcessorChecker : Bean 'org.springframework.transaction.annotation.ProxyTransactionManagementConfiguration' of type [org.springframework.transaction.annotation.ProxyTransactionManagementConfiguration$$EnhancerBySpringCGLIB$$b10a0cf0] is not eligible for getting processed by all BeanPostProcessors (for example: not eligible for auto-proxying)
2019-04-30 21:37:25.586  INFO 12436 --- [restartedMain] o.s.b.w.embedded.tomcat.TomcatWebServer  : Tomcat initialized with port(s): 9091 (http)
2019-04-30 21:37:25.608  INFO 12436 --- [restartedMain] o.apache.catalina.core.StandardService   : Starting service [Tomcat]
2019-04-30 21:37:25.608  INFO 12436 --- [restartedMain] org.apache.catalina.core.StandardEngine  : Starting Servlet Engine: Apache Tomcat/8.5.34
2019-04-30 21:37:25.612  INFO 12436 --- [localhost-startStop-1] o.a.catalina.core.AprLifecycleListener   : The APR based Apache Tomcat Native library which allows optimal performance in production environments was not found on the java.library.path: [D:\jdk\bin;C:\Windows\Sun\Java\bin;C:\Windows\system32;C:\Windows;C:\ProgramData\Oracle\Java\javapath;C:\Windows\system32;C:\Windows;C:\Windows\System32\Wbem;C:\Windows\System32\WindowsPowerShell\v1.0\;C:\Windows\System32\OpenSSH\;D:\software\Git\Git\cmd;%JAVA_HOME%\jre\bin;%JAVA_HOME%\bin;C:\Users\1\AppData\Local\Microsoft\WindowsApps;;.]
2019-04-30 21:37:25.745  INFO 12436 --- [localhost-startStop-1] o.a.c.c.C.[Tomcat].[localhost].[/api]    : Initializing Spring embedded WebApplicationContext
2019-04-30 21:37:25.745  INFO 12436 --- [localhost-startStop-1] o.s.web.context.ContextLoader            : Root WebApplicationContext: initialization completed in 3604 ms
2019-04-30 21:37:26.140  INFO 12436 --- [localhost-startStop-1] o.s.b.w.servlet.FilterRegistrationBean   : Mapping filter: 'characterEncodingFilter' to: [/*]
2019-04-30 21:37:26.140  INFO 12436 --- [localhost-startStop-1] o.s.b.w.servlet.FilterRegistrationBean   : Mapping filter: 'sessionRepositoryFilter' to: [/*]
2019-04-30 21:37:26.140  INFO 12436 --- [localhost-startStop-1] o.s.b.w.servlet.ServletRegistrationBean  : Servlet dispatcherServlet mapped to [/]
2019-04-30 21:37:27.674  INFO 12436 --- [restartedMain] com.skytech.api.config.AccessConfig      : AccessConfig
2019-04-30 21:37:27.702  INFO 12436 --- [restartedMain] com.skytech.api.config.CorsConfig        : CorsConfig
2019-04-30 21:37:27.729  INFO 12436 --- [restartedMain] s.w.s.m.m.a.RequestMappingHandlerMapping : Mapped "{[/account/register],methods=[POST]}" onto public java.util.Map<java.lang.String, java.lang.Object> com.skytech.api.controller.AccountController.register(javax.servlet.http.HttpSession,java.lang.String,java.lang.String,java.lang.String,java.lang.String)
2019-04-30 21:37:27.730  INFO 12436 --- [restartedMain] s.w.s.m.m.a.RequestMappingHandlerMapping : Mapped "{[/account/update],methods=[POST]}" onto public com.skytech.api.core.JsonMap com.skytech.api.controller.AccountController.update(java.lang.String,com.skytech.api.model.Account)
2019-04-30 21:37:27.730  INFO 12436 --- [restartedMain] s.w.s.m.m.a.RequestMappingHandlerMapping : Mapped "{[/account/delete],methods=[POST]}" onto public com.skytech.api.core.JsonMap com.skytech.api.controller.AccountController.delete(java.lang.String)
2019-04-30 21:37:27.730  INFO 12436 --- [restartedMain] s.w.s.m.m.a.RequestMappingHandlerMapping : Mapped "{[/account/save],methods=[POST]}" onto public com.skytech.api.core.JsonMap com.skytech.api.controller.AccountController.save(com.skytech.api.model.Account)
2019-04-30 21:37:27.731  INFO 12436 --- [restartedMain] s.w.s.m.m.a.RequestMappingHandlerMapping : Mapped "{[/account/listForPage],methods=[GET]}" onto public java.util.Map<java.lang.String, java.lang.Object> com.skytech.api.controller.AccountController.listForPage(int,int)
2019-04-30 21:37:27.731  INFO 12436 --- [restartedMain] s.w.s.m.m.a.RequestMappingHandlerMapping : Mapped "{[/account/listBySid],methods=[GET]}" onto public com.skytech.api.core.JsonMap com.skytech.api.controller.AccountController.listBySid(javax.servlet.http.HttpSession)
2019-04-30 21:37:27.731  INFO 12436 --- [restartedMain] s.w.s.m.m.a.RequestMappingHandlerMapping : Mapped "{[/account/getImgs],methods=[GET]}" onto public java.util.Map<java.lang.String, java.lang.Object> com.skytech.api.controller.AccountController.getImgs()
2019-04-30 21:37:27.731  INFO 12436 --- [restartedMain] s.w.s.m.m.a.RequestMappingHandlerMapping : Mapped "{[/account/login],methods=[POST]}" onto public java.util.Map<java.lang.String, java.lang.Object> com.skytech.api.controller.AccountController.login(javax.servlet.http.HttpSession,java.lang.String,java.lang.String)
2019-04-30 21:37:27.731  INFO 12436 --- [restartedMain] s.w.s.m.m.a.RequestMappingHandlerMapping : Mapped "{[/account/changePassword],methods=[POST]}" onto public java.util.Map<java.lang.String, java.lang.Object> com.skytech.api.controller.AccountController.changePassword(javax.servlet.http.HttpSession,com.skytech.api.model.Account)
2019-04-30 21:37:27.732  INFO 12436 --- [restartedMain] s.w.s.m.m.a.RequestMappingHandlerMapping : Mapped "{[/account/saveAvatar],methods=[POST]}" onto public com.skytech.api.core.JsonMap com.skytech.api.controller.AccountController.saveProfile(javax.servlet.http.HttpSession,org.springframework.web.multipart.MultipartFile)
2019-04-30 21:37:27.732  INFO 12436 --- [restartedMain] s.w.s.m.m.a.RequestMappingHandlerMapping : Mapped "{[/account/saveProfile],methods=[POST]}" onto public com.skytech.api.core.JsonMap com.skytech.api.controller.AccountController.saveProfile(javax.servlet.http.HttpSession,com.skytech.api.model.Account,org.springframework.web.multipart.MultipartFile)
2019-04-30 21:37:27.734  INFO 12436 --- [restartedMain] s.w.s.m.m.a.RequestMappingHandlerMapping : Mapped "{[/accountDevice/update],methods=[POST]}" onto public com.skytech.api.core.JsonMap com.skytech.api.controller.AccountDeviceController.update(java.lang.String,com.skytech.api.model.AccountDevice)
2019-04-30 21:37:27.734  INFO 12436 --- [restartedMain] s.w.s.m.m.a.RequestMappingHandlerMapping : Mapped "{[/accountDevice/connect],methods=[POST]}" onto public com.skytech.api.core.JsonMap com.skytech.api.controller.AccountDeviceController.connect(javax.servlet.http.HttpSession,com.skytech.api.model.Device)
2019-04-30 21:37:27.734  INFO 12436 --- [restartedMain] s.w.s.m.m.a.RequestMappingHandlerMapping : Mapped "{[/accountDevice/delete],methods=[POST]}" onto public com.skytech.api.core.JsonMap com.skytech.api.controller.AccountDeviceController.delete(java.lang.String)
2019-04-30 21:37:27.734  INFO 12436 --- [restartedMain] s.w.s.m.m.a.RequestMappingHandlerMapping : Mapped "{[/accountDevice/save],methods=[POST]}" onto public com.skytech.api.core.JsonMap com.skytech.api.controller.AccountDeviceController.save(com.skytech.api.model.AccountDevice)
2019-04-30 21:37:27.735  INFO 12436 --- [restartedMain] s.w.s.m.m.a.RequestMappingHandlerMapping : Mapped "{[/accountDevice/listForPage],methods=[GET]}" onto public java.util.Map<java.lang.String, java.lang.Object> com.skytech.api.controller.AccountDeviceController.listForPage(int,int)
2019-04-30 21:37:27.735  INFO 12436 --- [restartedMain] s.w.s.m.m.a.RequestMappingHandlerMapping : Mapped "{[/accountDevice/listBySid],methods=[GET]}" onto public com.skytech.api.core.JsonMap com.skytech.api.controller.AccountDeviceController.listBySid(java.lang.String)
2019-04-30 21:37:27.735  INFO 12436 --- [restartedMain] s.w.s.m.m.a.RequestMappingHandlerMapping : Mapped "{[/accountDevice/disConnect],methods=[POST]}" onto public com.skytech.api.core.JsonMap com.skytech.api.controller.AccountDeviceController.disConnect(javax.servlet.http.HttpSession,com.skytech.api.model.Device)
2019-04-30 21:37:27.739  INFO 12436 --- [restartedMain] s.w.s.m.m.a.RequestMappingHandlerMapping : Mapped "{[/course/join],methods=[POST]}" onto public com.skytech.api.core.JsonMap com.skytech.api.controller.CourseController.join(javax.servlet.http.HttpSession,int,int[],int[])
2019-04-30 21:37:27.739  INFO 12436 --- [restartedMain] s.w.s.m.m.a.RequestMappingHandlerMapping : Mapped "{[/course/listForPage],methods=[GET]}" onto public java.util.Map<java.lang.String, java.lang.Object> com.skytech.api.controller.CourseController.listForPage(javax.servlet.http.HttpSession,int,int)
2019-04-30 21:37:27.740  INFO 12436 --- [restartedMain] s.w.s.m.m.a.RequestMappingHandlerMapping : Mapped "{[/course/listById],methods=[GET]}" onto public com.skytech.api.core.JsonMap com.skytech.api.controller.CourseController.listById(int)
2019-04-30 21:37:27.740  INFO 12436 --- [restartedMain] s.w.s.m.m.a.RequestMappingHandlerMapping : Mapped "{[/course/selectWeek],methods=[POST]}" onto public com.skytech.api.core.JsonMap com.skytech.api.controller.CourseController.selectWeek(int)
2019-04-30 21:37:27.740  INFO 12436 --- [restartedMain] s.w.s.m.m.a.RequestMappingHandlerMapping : Mapped "{[/course/selectCoupon],methods=[POST]}" onto public com.skytech.api.core.JsonMap com.skytech.api.controller.CourseController.selectCoupon(javax.servlet.http.HttpSession,int)
2019-04-30 21:37:27.740  INFO 12436 --- [restartedMain] s.w.s.m.m.a.RequestMappingHandlerMapping : Mapped "{[/course/defaultCoupon],methods=[POST]}" onto public com.skytech.api.core.JsonMap com.skytech.api.controller.CourseController.defaultCoupon(javax.servlet.http.HttpSession,int,int) throws java.text.ParseException
2019-04-30 21:37:27.740  INFO 12436 --- [restartedMain] s.w.s.m.m.a.RequestMappingHandlerMapping : Mapped "{[/course/selectCourse],methods=[POST]}" onto public com.skytech.api.core.JsonMap com.skytech.api.controller.CourseController.selectCourse(javax.servlet.http.HttpSession,int,int[])
2019-04-30 21:37:27.741  INFO 12436 --- [restartedMain] s.w.s.m.m.a.RequestMappingHandlerMapping : Mapped "{[/device/update],methods=[POST]}" onto public com.skytech.api.core.JsonMap com.skytech.api.controller.DeviceController.update(java.lang.String,com.skytech.api.model.Device)
2019-04-30 21:37:27.742  INFO 12436 --- [restartedMain] s.w.s.m.m.a.RequestMappingHandlerMapping : Mapped "{[/device/delete],methods=[POST]}" onto public com.skytech.api.core.JsonMap com.skytech.api.controller.DeviceController.delete(java.lang.String)
2019-04-30 21:37:27.742  INFO 12436 --- [restartedMain] s.w.s.m.m.a.RequestMappingHandlerMapping : Mapped "{[/device/save],methods=[POST]}" onto public com.skytech.api.core.JsonMap com.skytech.api.controller.DeviceController.save(com.skytech.api.model.Device)
2019-04-30 21:37:27.742  INFO 12436 --- [restartedMain] s.w.s.m.m.a.RequestMappingHandlerMapping : Mapped "{[/device/listForPage],methods=[GET]}" onto public java.util.Map<java.lang.String, java.lang.Object> com.skytech.api.controller.DeviceController.listForPage(int,int)
2019-04-30 21:37:27.742  INFO 12436 --- [restartedMain] s.w.s.m.m.a.RequestMappingHandlerMapping : Mapped "{[/device/listBySid],methods=[GET]}" onto public com.skytech.api.core.JsonMap com.skytech.api.controller.DeviceController.listBySid(java.lang.String)
2019-04-30 21:37:27.743  INFO 12436 --- [restartedMain] s.w.s.m.m.a.RequestMappingHandlerMapping : Mapped "{[/distances/synchronous],methods=[POST]}" onto public com.skytech.api.core.JsonMap com.skytech.api.controller.DistancesController.synchronous(javax.servlet.http.HttpSession,com.skytech.api.model.Distances)
2019-04-30 21:37:27.743  INFO 12436 --- [restartedMain] s.w.s.m.m.a.RequestMappingHandlerMapping : Mapped "{[/event/update],methods=[POST]}" onto public com.skytech.api.core.JsonMap com.skytech.api.controller.EventController.update(java.lang.String,com.skytech.api.model.Event)
2019-04-30 21:37:27.744  INFO 12436 --- [restartedMain] s.w.s.m.m.a.RequestMappingHandlerMapping : Mapped "{[/event/join],methods=[POST]}" onto public com.skytech.api.core.JsonMap com.skytech.api.controller.EventController.join(javax.servlet.http.HttpSession,java.lang.String,java.lang.String,java.lang.String)
2019-04-30 21:37:27.744  INFO 12436 --- [restartedMain] s.w.s.m.m.a.RequestMappingHandlerMapping : Mapped "{[/event/delete],methods=[POST]}" onto public com.skytech.api.core.JsonMap com.skytech.api.controller.EventController.delete(java.lang.String)
2019-04-30 21:37:27.744  INFO 12436 --- [restartedMain] s.w.s.m.m.a.RequestMappingHandlerMapping : Mapped "{[/event/save],methods=[POST]}" onto public com.skytech.api.core.JsonMap com.skytech.api.controller.EventController.save(com.skytech.api.model.Event)
2019-04-30 21:37:27.744  INFO 12436 --- [restartedMain] s.w.s.m.m.a.RequestMappingHandlerMapping : Mapped "{[/event/listForPage],methods=[GET]}" onto public java.util.Map<java.lang.String, java.lang.Object> com.skytech.api.controller.EventController.listForPage(javax.servlet.http.HttpSession,int,int)
2019-04-30 21:37:27.745  INFO 12436 --- [restartedMain] s.w.s.m.m.a.RequestMappingHandlerMapping : Mapped "{[/event/listBySid],methods=[GET]}" onto public com.skytech.api.core.JsonMap com.skytech.api.controller.EventController.listBySid(javax.servlet.http.HttpSession,java.lang.String)
2019-04-30 21:37:27.745  INFO 12436 --- [restartedMain] s.w.s.m.m.a.RequestMappingHandlerMapping : Mapped "{[/eventMembers/update],methods=[POST]}" onto public com.skytech.api.core.JsonMap com.skytech.api.controller.EventMembersController.update(java.lang.String,com.skytech.api.model.EventMembers)
2019-04-30 21:37:27.745  INFO 12436 --- [restartedMain] s.w.s.m.m.a.RequestMappingHandlerMapping : Mapped "{[/eventMembers/delete],methods=[POST]}" onto public com.skytech.api.core.JsonMap com.skytech.api.controller.EventMembersController.delete(java.lang.String)
2019-04-30 21:37:27.746  INFO 12436 --- [restartedMain] s.w.s.m.m.a.RequestMappingHandlerMapping : Mapped "{[/eventMembers/save],methods=[POST]}" onto public com.skytech.api.core.JsonMap com.skytech.api.controller.EventMembersController.save(com.skytech.api.model.EventMembers)
2019-04-30 21:37:27.746  INFO 12436 --- [restartedMain] s.w.s.m.m.a.RequestMappingHandlerMapping : Mapped "{[/eventMembers/listForPage],methods=[GET]}" onto public java.util.Map<java.lang.String, java.lang.Object> com.skytech.api.controller.EventMembersController.listForPage(int,int)
2019-04-30 21:37:27.746  INFO 12436 --- [restartedMain] s.w.s.m.m.a.RequestMappingHandlerMapping : Mapped "{[/eventMembers/listBySid],methods=[GET]}" onto public com.skytech.api.core.JsonMap com.skytech.api.controller.EventMembersController.listBySid(java.lang.String)
2019-04-30 21:37:27.747  INFO 12436 --- [restartedMain] s.w.s.m.m.a.RequestMappingHandlerMapping : Mapped "{[/eventTeam/update],methods=[POST]}" onto public com.skytech.api.core.JsonMap com.skytech.api.controller.EventTeamController.update(java.lang.String,com.skytech.api.model.EventTeam)
2019-04-30 21:37:27.747  INFO 12436 --- [restartedMain] s.w.s.m.m.a.RequestMappingHandlerMapping : Mapped "{[/eventTeam/delete],methods=[POST]}" onto public com.skytech.api.core.JsonMap com.skytech.api.controller.EventTeamController.delete(java.lang.String)
2019-04-30 21:37:27.747  INFO 12436 --- [restartedMain] s.w.s.m.m.a.RequestMappingHandlerMapping : Mapped "{[/eventTeam/save],methods=[POST]}" onto public com.skytech.api.core.JsonMap com.skytech.api.controller.EventTeamController.save(com.skytech.api.model.EventTeam)
2019-04-30 21:37:27.748  INFO 12436 --- [restartedMain] s.w.s.m.m.a.RequestMappingHandlerMapping : Mapped "{[/eventTeam/listForPage],methods=[GET]}" onto public java.util.Map<java.lang.String, java.lang.Object> com.skytech.api.controller.EventTeamController.listForPage(int,int)
2019-04-30 21:37:27.748  INFO 12436 --- [restartedMain] s.w.s.m.m.a.RequestMappingHandlerMapping : Mapped "{[/eventTeam/listBySid],methods=[GET]}" onto public com.skytech.api.core.JsonMap com.skytech.api.controller.EventTeamController.listBySid(java.lang.String)
2019-04-30 21:37:27.751  INFO 12436 --- [restartedMain] s.w.s.m.m.a.RequestMappingHandlerMapping : Mapped "{[/heartRate/update],methods=[POST]}" onto public com.skytech.api.core.JsonMap com.skytech.api.controller.HeartRateController.update(java.lang.String,com.skytech.api.model.HeartRate)
2019-04-30 21:37:27.751  INFO 12436 --- [restartedMain] s.w.s.m.m.a.RequestMappingHandlerMapping : Mapped "{[/heartRate/delete],methods=[POST]}" onto public com.skytech.api.core.JsonMap com.skytech.api.controller.HeartRateController.delete(java.lang.String)
2019-04-30 21:37:27.752  INFO 12436 --- [restartedMain] s.w.s.m.m.a.RequestMappingHandlerMapping : Mapped "{[/heartRate/save],methods=[POST]}" onto public com.skytech.api.core.JsonMap com.skytech.api.controller.HeartRateController.save(javax.servlet.http.HttpSession,com.skytech.api.model.HeartRate)
2019-04-30 21:37:27.752  INFO 12436 --- [restartedMain] s.w.s.m.m.a.RequestMappingHandlerMapping : Mapped "{[/heartRate/report],methods=[GET]}" onto public java.util.Map<java.lang.String, java.lang.Object> com.skytech.api.controller.HeartRateController.report(javax.servlet.http.HttpSession,java.lang.String,java.lang.String,java.lang.String)
2019-04-30 21:37:27.752  INFO 12436 --- [restartedMain] s.w.s.m.m.a.RequestMappingHandlerMapping : Mapped "{[/heartRate/listForPage],methods=[GET]}" onto public java.util.Map<java.lang.String, java.lang.Object> com.skytech.api.controller.HeartRateController.listForPage(int,int)
2019-04-30 21:37:27.752  INFO 12436 --- [restartedMain] s.w.s.m.m.a.RequestMappingHandlerMapping : Mapped "{[/heartRate/listBySid],methods=[GET]}" onto public com.skytech.api.core.JsonMap com.skytech.api.controller.HeartRateController.listBySid(java.lang.String)
2019-04-30 21:37:27.753  INFO 12436 --- [restartedMain] s.w.s.m.m.a.RequestMappingHandlerMapping : Mapped "{[/home/getCurrentData],methods=[GET]}" onto public java.util.Map<java.lang.String, java.lang.Object> com.skytech.api.controller.HomeController.report(javax.servlet.http.HttpServletRequest,javax.servlet.http.HttpSession)
2019-04-30 21:37:27.753  INFO 12436 --- [restartedMain] s.w.s.m.m.a.RequestMappingHandlerMapping : Mapped "{[/message/listForPage],methods=[POST]}" onto public java.util.Map<java.lang.String, java.lang.Object> com.skytech.api.controller.MessageController.listForPage(javax.servlet.http.HttpSession,int,int,int)
2019-04-30 21:37:27.753  INFO 12436 --- [restartedMain] s.w.s.m.m.a.RequestMappingHandlerMapping : Mapped "{[/message/myMessage],methods=[POST]}" onto public com.skytech.api.core.JsonMap com.skytech.api.controller.MessageController.myMessage(javax.servlet.http.HttpSession,int)
2019-04-30 21:37:27.754  INFO 12436 --- [restartedMain] s.w.s.m.m.a.RequestMappingHandlerMapping : Mapped "{[/myEvent/listBySidForMe],methods=[GET]}" onto public com.skytech.api.core.JsonMap com.skytech.api.controller.MyEventController.listBySidForMe(javax.servlet.http.HttpSession,int)
2019-04-30 21:37:27.754  INFO 12436 --- [restartedMain] s.w.s.m.m.a.RequestMappingHandlerMapping : Mapped "{[/myEvent/listForOnComing],methods=[GET]}" onto public java.util.Map<java.lang.String, java.lang.Object> com.skytech.api.controller.MyEventController.listForOnComing(javax.servlet.http.HttpSession,int,int)
2019-04-30 21:37:27.754  INFO 12436 --- [restartedMain] s.w.s.m.m.a.RequestMappingHandlerMapping : Mapped "{[/myEvent/listForOnGoing],methods=[GET]}" onto public java.util.Map<java.lang.String, java.lang.Object> com.skytech.api.controller.MyEventController.listForOnGoing(javax.servlet.http.HttpSession,int,int)
2019-04-30 21:37:27.754  INFO 12436 --- [restartedMain] s.w.s.m.m.a.RequestMappingHandlerMapping : Mapped "{[/myEvent/listForFinished],methods=[GET]}" onto public java.util.Map<java.lang.String, java.lang.Object> com.skytech.api.controller.MyEventController.listForFinished(javax.servlet.http.HttpSession,int,int)
2019-04-30 21:37:27.755  INFO 12436 --- [restartedMain] s.w.s.m.m.a.RequestMappingHandlerMapping : Mapped "{[/myVouchers/listForPage],methods=[GET]}" onto public java.util.Map<java.lang.String, java.lang.Object> com.skytech.api.controller.MyVouchersController.listForPage(javax.servlet.http.HttpSession,int,int)
2019-04-30 21:37:27.755  INFO 12436 --- [restartedMain] s.w.s.m.m.a.RequestMappingHandlerMapping : Mapped "{[/myVouchers/findAllVouchers],methods=[GET]}" onto public java.util.Map<java.lang.String, java.lang.Object> com.skytech.api.controller.MyVouchersController.findAllVouchers(javax.servlet.http.HttpSession)
2019-04-30 21:37:27.756  INFO 12436 --- [restartedMain] s.w.s.m.m.a.RequestMappingHandlerMapping : Mapped "{[/order/myOrder],methods=[POST]}" onto public com.skytech.api.core.JsonMap com.skytech.api.controller.OrderController.myOrder(javax.servlet.http.HttpSession,int)
2019-04-30 21:37:27.756  INFO 12436 --- [restartedMain] s.w.s.m.m.a.RequestMappingHandlerMapping : Mapped "{[/order/cancelConfirm],methods=[POST]}" onto public com.skytech.api.core.JsonMap com.skytech.api.controller.OrderController.cancelConfirm(javax.servlet.http.HttpSession,java.lang.String)
2019-04-30 21:37:27.756  INFO 12436 --- [restartedMain] s.w.s.m.m.a.RequestMappingHandlerMapping : Mapped "{[/order/cancelOrder],methods=[POST]}" onto public com.skytech.api.core.JsonMap com.skytech.api.controller.OrderController.cancelOrder(javax.servlet.http.HttpSession,java.lang.String,int[])
2019-04-30 21:37:27.757  INFO 12436 --- [restartedMain] s.w.s.m.m.a.RequestMappingHandlerMapping : Mapped "{[/userParQ/update],methods=[POST]}" onto public com.skytech.api.core.JsonMap com.skytech.api.controller.ParQController.update(int,com.skytech.api.model.ParQ)
2019-04-30 21:37:27.757  INFO 12436 --- [restartedMain] s.w.s.m.m.a.RequestMappingHandlerMapping : Mapped "{[/userParQ/save],methods=[POST]}" onto public com.skytech.api.core.JsonMap com.skytech.api.controller.ParQController.save(javax.servlet.http.HttpSession,com.skytech.api.model.ParQ) throws java.lang.Exception
2019-04-30 21:37:27.757  INFO 12436 --- [restartedMain] s.w.s.m.m.a.RequestMappingHandlerMapping : Mapped "{[/userParQ/getUserParQ],methods=[GET]}" onto public com.skytech.api.core.JsonMap com.skytech.api.controller.ParQController.getUserParQ(javax.servlet.http.HttpSession)
2019-04-30 21:37:27.758  INFO 12436 --- [restartedMain] s.w.s.m.m.a.RequestMappingHandlerMapping : Mapped "{[/runningRecord/update],methods=[POST]}" onto public com.skytech.api.core.JsonMap com.skytech.api.controller.RunningRecordController.update(java.lang.String,com.skytech.api.model.RunningRecord)
2019-04-30 21:37:27.758  INFO 12436 --- [restartedMain] s.w.s.m.m.a.RequestMappingHandlerMapping : Mapped "{[/runningRecord/delete],methods=[POST]}" onto public com.skytech.api.core.JsonMap com.skytech.api.controller.RunningRecordController.delete(java.lang.String)
2019-04-30 21:37:27.758  INFO 12436 --- [restartedMain] s.w.s.m.m.a.RequestMappingHandlerMapping : Mapped "{[/runningRecord/save],methods=[POST]}" onto public com.skytech.api.core.JsonMap com.skytech.api.controller.RunningRecordController.save(javax.servlet.http.HttpSession,com.skytech.api.model.RunningRecord)
2019-04-30 21:37:27.759  INFO 12436 --- [restartedMain] s.w.s.m.m.a.RequestMappingHandlerMapping : Mapped "{[/runningRecord/listForPage],methods=[GET]}" onto public java.util.Map<java.lang.String, java.lang.Object> com.skytech.api.controller.RunningRecordController.listForPage(java.lang.String,int,int)
2019-04-30 21:37:27.759  INFO 12436 --- [restartedMain] s.w.s.m.m.a.RequestMappingHandlerMapping : Mapped "{[/runningRecord/listBySid],methods=[GET]}" onto public com.skytech.api.core.JsonMap com.skytech.api.controller.RunningRecordController.listBySid(java.lang.String)
2019-04-30 21:37:27.759  INFO 12436 --- [restartedMain] s.w.s.m.m.a.RequestMappingHandlerMapping : Mapped "{[/runningRecord/getNewest],methods=[GET]}" onto public com.skytech.api.core.JsonMap com.skytech.api.controller.RunningRecordController.getNewest(javax.servlet.http.HttpSession)
2019-04-30 21:37:27.760  INFO 12436 --- [restartedMain] s.w.s.m.m.a.RequestMappingHandlerMapping : Mapped "{[/sleep/update],methods=[POST]}" onto public com.skytech.api.core.JsonMap com.skytech.api.controller.SleepController.update(java.lang.String,com.skytech.api.model.Sleep)
2019-04-30 21:37:27.760  INFO 12436 --- [restartedMain] s.w.s.m.m.a.RequestMappingHandlerMapping : Mapped "{[/sleep/delete],methods=[POST]}" onto public com.skytech.api.core.JsonMap com.skytech.api.controller.SleepController.delete(java.lang.String)
2019-04-30 21:37:27.760  INFO 12436 --- [restartedMain] s.w.s.m.m.a.RequestMappingHandlerMapping : Mapped "{[/sleep/save],methods=[POST]}" onto public com.skytech.api.core.JsonMap com.skytech.api.controller.SleepController.save(javax.servlet.http.HttpSession,com.skytech.api.model.Sleep)
2019-04-30 21:37:27.760  INFO 12436 --- [restartedMain] s.w.s.m.m.a.RequestMappingHandlerMapping : Mapped "{[/sleep/report],methods=[GET]}" onto public java.util.Map<java.lang.String, java.lang.Object> com.skytech.api.controller.SleepController.report(javax.servlet.http.HttpSession,java.lang.String,java.lang.String,java.lang.String)
2019-04-30 21:37:27.760  INFO 12436 --- [restartedMain] s.w.s.m.m.a.RequestMappingHandlerMapping : Mapped "{[/sleep/listForPage],methods=[GET]}" onto public java.util.Map<java.lang.String, java.lang.Object> com.skytech.api.controller.SleepController.listForPage(int,int)
2019-04-30 21:37:27.761  INFO 12436 --- [restartedMain] s.w.s.m.m.a.RequestMappingHandlerMapping : Mapped "{[/sleep/listBySid],methods=[GET]}" onto public com.skytech.api.core.JsonMap com.skytech.api.controller.SleepController.listBySid(java.lang.String)
2019-04-30 21:37:27.761  INFO 12436 --- [restartedMain] s.w.s.m.m.a.RequestMappingHandlerMapping : Mapped "{[/steps/update],methods=[POST]}" onto public com.skytech.api.core.JsonMap com.skytech.api.controller.StepsController.update(java.lang.String,com.skytech.api.model.Steps)
2019-04-30 21:37:27.762  INFO 12436 --- [restartedMain] s.w.s.m.m.a.RequestMappingHandlerMapping : Mapped "{[/steps/delete],methods=[POST]}" onto public com.skytech.api.core.JsonMap com.skytech.api.controller.StepsController.delete(java.lang.String)
2019-04-30 21:37:27.762  INFO 12436 --- [restartedMain] s.w.s.m.m.a.RequestMappingHandlerMapping : Mapped "{[/steps/save],methods=[POST]}" onto public com.skytech.api.core.JsonMap com.skytech.api.controller.StepsController.save(javax.servlet.http.HttpSession,com.skytech.api.model.Steps)
2019-04-30 21:37:27.762  INFO 12436 --- [restartedMain] s.w.s.m.m.a.RequestMappingHandlerMapping : Mapped "{[/steps/report],methods=[GET]}" onto public java.util.Map<java.lang.String, java.lang.Object> com.skytech.api.controller.StepsController.report(javax.servlet.http.HttpSession,java.lang.String,java.lang.String,java.lang.String)
2019-04-30 21:37:27.762  INFO 12436 --- [restartedMain] s.w.s.m.m.a.RequestMappingHandlerMapping : Mapped "{[/steps/listForPage],methods=[GET]}" onto public java.util.Map<java.lang.String, java.lang.Object> com.skytech.api.controller.StepsController.listForPage(int,int)
2019-04-30 21:37:27.762  INFO 12436 --- [restartedMain] s.w.s.m.m.a.RequestMappingHandlerMapping : Mapped "{[/steps/listBySid],methods=[GET]}" onto public com.skytech.api.core.JsonMap com.skytech.api.controller.StepsController.listBySid(java.lang.String)
2019-04-30 21:37:27.762  INFO 12436 --- [restartedMain] s.w.s.m.m.a.RequestMappingHandlerMapping : Mapped "{[/steps/getCurrentSteps],methods=[GET]}" onto public java.util.Map<java.lang.String, java.lang.Object> com.skytech.api.controller.StepsController.getCurrentSteps(javax.servlet.http.HttpSession)
2019-04-30 21:37:27.763  INFO 12436 --- [restartedMain] s.w.s.m.m.a.RequestMappingHandlerMapping : Mapped "{[/team/update],methods=[POST]}" onto public com.skytech.api.core.JsonMap com.skytech.api.controller.TeamController.update(java.lang.String,com.skytech.api.model.Team)
2019-04-30 21:37:27.763  INFO 12436 --- [restartedMain] s.w.s.m.m.a.RequestMappingHandlerMapping : Mapped "{[/team/delete],methods=[POST]}" onto public com.skytech.api.core.JsonMap com.skytech.api.controller.TeamController.delete(java.lang.String)
2019-04-30 21:37:27.763  INFO 12436 --- [restartedMain] s.w.s.m.m.a.RequestMappingHandlerMapping : Mapped "{[/team/save],methods=[POST]}" onto public com.skytech.api.core.JsonMap com.skytech.api.controller.TeamController.save(com.skytech.api.model.Team)
2019-04-30 21:37:27.764  INFO 12436 --- [restartedMain] s.w.s.m.m.a.RequestMappingHandlerMapping : Mapped "{[/team/listForPage],methods=[GET]}" onto public java.util.Map<java.lang.String, java.lang.Object> com.skytech.api.controller.TeamController.listForPage(int,int)
2019-04-30 21:37:27.764  INFO 12436 --- [restartedMain] s.w.s.m.m.a.RequestMappingHandlerMapping : Mapped "{[/team/listBySid],methods=[GET]}" onto public com.skytech.api.core.JsonMap com.skytech.api.controller.TeamController.listBySid(java.lang.String)
2019-04-30 21:37:27.765  INFO 12436 --- [restartedMain] s.w.s.m.m.a.RequestMappingHandlerMapping : Mapped "{[/teamMembers/update],methods=[POST]}" onto public com.skytech.api.core.JsonMap com.skytech.api.controller.TeamMembersController.update(java.lang.String,com.skytech.api.model.TeamMembers)
2019-04-30 21:37:27.765  INFO 12436 --- [restartedMain] s.w.s.m.m.a.RequestMappingHandlerMapping : Mapped "{[/teamMembers/delete],methods=[POST]}" onto public com.skytech.api.core.JsonMap com.skytech.api.controller.TeamMembersController.delete(java.lang.String)
2019-04-30 21:37:27.765  INFO 12436 --- [restartedMain] s.w.s.m.m.a.RequestMappingHandlerMapping : Mapped "{[/teamMembers/save],methods=[POST]}" onto public com.skytech.api.core.JsonMap com.skytech.api.controller.TeamMembersController.save(com.skytech.api.model.TeamMembers)
2019-04-30 21:37:27.765  INFO 12436 --- [restartedMain] s.w.s.m.m.a.RequestMappingHandlerMapping : Mapped "{[/teamMembers/listForPage],methods=[GET]}" onto public java.util.Map<java.lang.String, java.lang.Object> com.skytech.api.controller.TeamMembersController.listForPage(int,int)
2019-04-30 21:37:27.765  INFO 12436 --- [restartedMain] s.w.s.m.m.a.RequestMappingHandlerMapping : Mapped "{[/teamMembers/listBySid],methods=[GET]}" onto public com.skytech.api.core.JsonMap com.skytech.api.controller.TeamMembersController.listBySid(java.lang.String)
2019-04-30 21:37:27.766  INFO 12436 --- [restartedMain] s.w.s.m.m.a.RequestMappingHandlerMapping : Mapped "{[/tEvent/update],methods=[POST]}" onto public com.skytech.api.core.JsonMap com.skytech.api.controller.TEventController.update(java.lang.String,com.skytech.api.model.TEvent)
2019-04-30 21:37:27.766  INFO 12436 --- [restartedMain] s.w.s.m.m.a.RequestMappingHandlerMapping : Mapped "{[/tEvent/join],methods=[POST]}" onto public com.skytech.api.core.JsonMap com.skytech.api.controller.TEventController.join(javax.servlet.http.HttpSession,int)
2019-04-30 21:37:27.766  INFO 12436 --- [restartedMain] s.w.s.m.m.a.RequestMappingHandlerMapping : Mapped "{[/tEvent/delete],methods=[POST]}" onto public com.skytech.api.core.JsonMap com.skytech.api.controller.TEventController.delete(java.lang.String)
2019-04-30 21:37:27.767  INFO 12436 --- [restartedMain] s.w.s.m.m.a.RequestMappingHandlerMapping : Mapped "{[/tEvent/save],methods=[POST]}" onto public com.skytech.api.core.JsonMap com.skytech.api.controller.TEventController.save(com.skytech.api.model.TEvent)
2019-04-30 21:37:27.767  INFO 12436 --- [restartedMain] s.w.s.m.m.a.RequestMappingHandlerMapping : Mapped "{[/tEvent/listForPage],methods=[GET]}" onto public java.util.Map<java.lang.String, java.lang.Object> com.skytech.api.controller.TEventController.listForPage(javax.servlet.http.HttpSession,int,int)
2019-04-30 21:37:27.767  INFO 12436 --- [restartedMain] s.w.s.m.m.a.RequestMappingHandlerMapping : Mapped "{[/tEvent/listById],methods=[GET]}" onto public com.skytech.api.core.JsonMap com.skytech.api.controller.TEventController.listById(javax.servlet.http.HttpSession,int)
2019-04-30 21:37:27.767  INFO 12436 --- [restartedMain] s.w.s.m.m.a.RequestMappingHandlerMapping : Mapped "{[/tEvent/myActivity],methods=[POST]}" onto public com.skytech.api.core.JsonMap com.skytech.api.controller.TEventController.myActivity(javax.servlet.http.HttpSession,int)
2019-04-30 21:37:27.767  INFO 12436 --- [restartedMain] s.w.s.m.m.a.RequestMappingHandlerMapping : Mapped "{[/tEvent/listByIdForMe],methods=[GET]}" onto public com.skytech.api.core.JsonMap com.skytech.api.controller.TEventController.listByIdForMe(javax.servlet.http.HttpSession,int)
2019-04-30 21:37:27.768  INFO 12436 --- [restartedMain] s.w.s.m.m.a.RequestMappingHandlerMapping : Mapped "{[/tEventMembers/update],methods=[POST]}" onto public com.skytech.api.core.JsonMap com.skytech.api.controller.TEventMembersController.update(int,com.skytech.api.model.TEventMembers)
2019-04-30 21:37:27.768  INFO 12436 --- [restartedMain] s.w.s.m.m.a.RequestMappingHandlerMapping : Mapped "{[/tEventMembers/delete],methods=[POST]}" onto public com.skytech.api.core.JsonMap com.skytech.api.controller.TEventMembersController.delete(int)
2019-04-30 21:37:27.768  INFO 12436 --- [restartedMain] s.w.s.m.m.a.RequestMappingHandlerMapping : Mapped "{[/tEventMembers/save],methods=[POST]}" onto public com.skytech.api.core.JsonMap com.skytech.api.controller.TEventMembersController.save(com.skytech.api.model.TEventMembers)
2019-04-30 21:37:27.768  INFO 12436 --- [restartedMain] s.w.s.m.m.a.RequestMappingHandlerMapping : Mapped "{[/tEventMembers/listForPage],methods=[GET]}" onto public java.util.Map<java.lang.String, java.lang.Object> com.skytech.api.controller.TEventMembersController.listForPage(int,int)
2019-04-30 21:37:27.769  INFO 12436 --- [restartedMain] s.w.s.m.m.a.RequestMappingHandlerMapping : Mapped "{[/tEventMembers/listBySid],methods=[GET]}" onto public com.skytech.api.core.JsonMap com.skytech.api.controller.TEventMembersController.listBySid(int)
2019-04-30 21:37:27.769  INFO 12436 --- [restartedMain] s.w.s.m.m.a.RequestMappingHandlerMapping : Mapped "{[/userData/update],methods=[POST]}" onto public com.skytech.api.core.JsonMap com.skytech.api.controller.UserDataController.update(int,com.skytech.api.model.UserData)
2019-04-30 21:37:27.769  INFO 12436 --- [restartedMain] s.w.s.m.m.a.RequestMappingHandlerMapping : Mapped "{[/report/delete],methods=[POST]}" onto public com.skytech.api.core.JsonMap com.skytech.api.controller.UserDataController.delete(int)
2019-04-30 21:37:27.770  INFO 12436 --- [restartedMain] s.w.s.m.m.a.RequestMappingHandlerMapping : Mapped "{[/userData/save],methods=[POST]}" onto public com.skytech.api.core.JsonMap com.skytech.api.controller.UserDataController.save(javax.servlet.http.HttpSession,java.util.List<com.skytech.api.model.UserData>) throws java.lang.Exception
2019-04-30 21:37:27.770  INFO 12436 --- [restartedMain] s.w.s.m.m.a.RequestMappingHandlerMapping : Mapped "{[/userData/getUserData],methods=[GET]}" onto public com.skytech.api.core.JsonMap com.skytech.api.controller.UserDataController.getUserData(javax.servlet.http.HttpSession)
2019-04-30 21:37:27.771  INFO 12436 --- [restartedMain] s.w.s.m.m.a.RequestMappingHandlerMapping : Mapped "{[/v2/api-docs],methods=[GET],produces=[application/json || application/hal+json]}" onto public org.springframework.http.ResponseEntity<springfox.documentation.spring.web.json.Json> springfox.documentation.swagger2.web.Swagger2Controller.getDocumentation(java.lang.String,javax.servlet.http.HttpServletRequest)
2019-04-30 21:37:27.774  INFO 12436 --- [restartedMain] s.w.s.m.m.a.RequestMappingHandlerMapping : Mapped "{[/swagger-resources/configuration/security]}" onto org.springframework.http.ResponseEntity<springfox.documentation.swagger.web.SecurityConfiguration> springfox.documentation.swagger.web.ApiResourceController.securityConfiguration()
2019-04-30 21:37:27.774  INFO 12436 --- [restartedMain] s.w.s.m.m.a.RequestMappingHandlerMapping : Mapped "{[/swagger-resources]}" onto org.springframework.http.ResponseEntity<java.util.List<springfox.documentation.swagger.web.SwaggerResource>> springfox.documentation.swagger.web.ApiResourceController.swaggerResources()
2019-04-30 21:37:27.775  INFO 12436 --- [restartedMain] s.w.s.m.m.a.RequestMappingHandlerMapping : Mapped "{[/swagger-resources/configuration/ui]}" onto org.springframework.http.ResponseEntity<springfox.documentation.swagger.web.UiConfiguration> springfox.documentation.swagger.web.ApiResourceController.uiConfiguration()
2019-04-30 21:37:27.778  INFO 12436 --- [restartedMain] s.w.s.m.m.a.RequestMappingHandlerMapping : Mapped "{[/error]}" onto public org.springframework.http.ResponseEntity<java.util.Map<java.lang.String, java.lang.Object>> org.springframework.boot.autoconfigure.web.servlet.error.BasicErrorController.error(javax.servlet.http.HttpServletRequest)
2019-04-30 21:37:27.778  INFO 12436 --- [restartedMain] s.w.s.m.m.a.RequestMappingHandlerMapping : Mapped "{[/error],produces=[text/html]}" onto public org.springframework.web.servlet.ModelAndView org.springframework.boot.autoconfigure.web.servlet.error.BasicErrorController.errorHtml(javax.servlet.http.HttpServletRequest,javax.servlet.http.HttpServletResponse)
2019-04-30 21:37:27.990  INFO 12436 --- [restartedMain] s.w.s.m.m.a.RequestMappingHandlerAdapter : Looking for @ControllerAdvice: org.springframework.boot.web.servlet.context.AnnotationConfigServletWebServerApplicationContext@4e9e684d: startup date [Tue Apr 30 21:37:22 CST 2019]; root of context hierarchy
2019-04-30 21:37:28.131  INFO 12436 --- [restartedMain] io.lettuce.core.EpollProvider            : Starting without optional epoll library
2019-04-30 21:37:28.132  INFO 12436 --- [restartedMain] io.lettuce.core.KqueueProvider           : Starting without optional kqueue library
2019-04-30 21:37:30.082  INFO 12436 --- [restartedMain] o.s.ui.freemarker.SpringTemplateLoader   : SpringTemplateLoader for FreeMarker: using resource loader [org.springframework.boot.web.servlet.context.AnnotationConfigServletWebServerApplicationContext@4e9e684d: startup date [Tue Apr 30 21:37:22 CST 2019]; root of context hierarchy] and template loader path [classpath:/templates/]
2019-04-30 21:37:30.083  INFO 12436 --- [restartedMain] o.s.w.s.v.f.FreeMarkerConfigurer         : ClassTemplateLoader for Spring macros added to FreeMarker configuration
2019-04-30 21:37:30.361  INFO 12436 --- [restartedMain] o.s.b.d.a.OptionalLiveReloadServer       : LiveReload server is running on port 35729
2019-04-30 21:37:30.398  INFO 12436 --- [restartedMain] o.s.j.e.a.AnnotationMBeanExporter        : Registering beans for JMX exposure on startup
2019-04-30 21:37:30.401  INFO 12436 --- [restartedMain] o.s.j.e.a.AnnotationMBeanExporter        : Bean with name 'dataSource' has been autodetected for JMX exposure
2019-04-30 21:37:30.409  INFO 12436 --- [restartedMain] o.s.j.e.a.AnnotationMBeanExporter        : Located MBean 'dataSource': registering with JMX server as MBean [com.alibaba.druid.pool:name=dataSource,type=DruidDataSource]
2019-04-30 21:37:30.415  INFO 12436 --- [restartedMain] o.s.c.support.DefaultLifecycleProcessor  : Starting beans in phase 2147483647
2019-04-30 21:37:30.415  INFO 12436 --- [restartedMain] d.s.w.p.DocumentationPluginsBootstrapper : Context refreshed
2019-04-30 21:37:30.433  INFO 12436 --- [restartedMain] d.s.w.p.DocumentationPluginsBootstrapper : Found 1 custom documentation plugin(s)
2019-04-30 21:37:30.447  INFO 12436 --- [restartedMain] s.d.s.w.s.ApiListingReferenceScanner     : Scanning for api listing references
2019-04-30 21:37:30.551  WARN 12436 --- [restartedMain] d.s.r.o.OperationImplicitParameterReader : Coercing to be of type string. This may not even be a scalar type in actuality
2019-04-30 21:37:30.552  WARN 12436 --- [restartedMain] d.s.r.o.OperationImplicitParameterReader : Coercing to be of type string. This may not even be a scalar type in actuality
2019-04-30 21:37:30.552  WARN 12436 --- [restartedMain] d.s.r.o.OperationImplicitParameterReader : Coercing to be of type string. This may not even be a scalar type in actuality
2019-04-30 21:37:30.593  WARN 12436 --- [restartedMain] d.s.r.o.OperationImplicitParameterReader : Coercing to be of type string. This may not even be a scalar type in actuality
2019-04-30 21:37:30.597  WARN 12436 --- [restartedMain] d.s.r.o.OperationImplicitParameterReader : Coercing to be of type string. This may not even be a scalar type in actuality
2019-04-30 21:37:30.600  WARN 12436 --- [restartedMain] d.s.r.o.OperationImplicitParameterReader : Coercing to be of type string. This may not even be a scalar type in actuality
2019-04-30 21:37:30.600  WARN 12436 --- [restartedMain] d.s.r.o.OperationImplicitParameterReader : Coercing to be of type string. This may not even be a scalar type in actuality
2019-04-30 21:37:30.603  WARN 12436 --- [restartedMain] d.s.r.o.OperationImplicitParameterReader : Coercing to be of type string. This may not even be a scalar type in actuality
2019-04-30 21:37:30.603  WARN 12436 --- [restartedMain] d.s.r.o.OperationImplicitParameterReader : Coercing to be of type string. This may not even be a scalar type in actuality
2019-04-30 21:37:30.605  WARN 12436 --- [restartedMain] d.s.r.o.OperationImplicitParameterReader : Coercing to be of type string. This may not even be a scalar type in actuality
2019-04-30 21:37:30.605  WARN 12436 --- [restartedMain] d.s.r.o.OperationImplicitParameterReader : Coercing to be of type string. This may not even be a scalar type in actuality
2019-04-30 21:37:30.605  WARN 12436 --- [restartedMain] d.s.r.o.OperationImplicitParameterReader : Coercing to be of type string. This may not even be a scalar type in actuality
2019-04-30 21:37:30.605  WARN 12436 --- [restartedMain] d.s.r.o.OperationImplicitParameterReader : Coercing to be of type string. This may not even be a scalar type in actuality
2019-04-30 21:37:30.607  WARN 12436 --- [restartedMain] d.s.r.o.OperationImplicitParameterReader : Coercing to be of type string. This may not even be a scalar type in actuality
2019-04-30 21:37:30.616  INFO 12436 --- [restartedMain] .d.s.w.r.o.CachingOperationNameGenerator : Generating unique operation named: saveProfileUsingPOST_1
2019-04-30 21:37:30.617  WARN 12436 --- [restartedMain] d.s.r.o.OperationImplicitParameterReader : Coercing to be of type string. This may not even be a scalar type in actuality
2019-04-30 21:37:30.617  WARN 12436 --- [restartedMain] d.s.r.o.OperationImplicitParameterReader : Coercing to be of type string. This may not even be a scalar type in actuality
2019-04-30 21:37:30.628  WARN 12436 --- [restartedMain] d.s.r.o.OperationImplicitParameterReader : Coercing to be of type string. This may not even be a scalar type in actuality
2019-04-30 21:37:30.629  INFO 12436 --- [restartedMain] .d.s.w.r.o.CachingOperationNameGenerator : Generating unique operation named: deleteUsingPOST_1
2019-04-30 21:37:30.631  WARN 12436 --- [restartedMain] d.s.r.o.OperationImplicitParameterReader : Coercing to be of type string. This may not even be a scalar type in actuality
2019-04-30 21:37:30.631  INFO 12436 --- [restartedMain] .d.s.w.r.o.CachingOperationNameGenerator : Generating unique operation named: listBySidUsingGET_1
2019-04-30 21:37:30.632  WARN 12436 --- [restartedMain] d.s.r.o.OperationImplicitParameterReader : Coercing to be of type string. This may not even be a scalar type in actuality
2019-04-30 21:37:30.632  WARN 12436 --- [restartedMain] d.s.r.o.OperationImplicitParameterReader : Coercing to be of type string. This may not even be a scalar type in actuality
2019-04-30 21:37:30.632  INFO 12436 --- [restartedMain] .d.s.w.r.o.CachingOperationNameGenerator : Generating unique operation named: listForPageUsingGET_1
2019-04-30 21:37:30.633  WARN 12436 --- [restartedMain] d.s.r.o.OperationImplicitParameterReader : Coercing to be of type string. This may not even be a scalar type in actuality
2019-04-30 21:37:30.634  INFO 12436 --- [restartedMain] .d.s.w.r.o.CachingOperationNameGenerator : Generating unique operation named: saveUsingPOST_1
2019-04-30 21:37:30.634  WARN 12436 --- [restartedMain] d.s.r.o.OperationImplicitParameterReader : Coercing to be of type string. This may not even be a scalar type in actuality
2019-04-30 21:37:30.635  WARN 12436 --- [restartedMain] d.s.r.o.OperationImplicitParameterReader : Coercing to be of type string. This may not even be a scalar type in actuality
2019-04-30 21:37:30.635  INFO 12436 --- [restartedMain] .d.s.w.r.o.CachingOperationNameGenerator : Generating unique operation named: updateUsingPOST_1
2019-04-30 21:37:30.643  WARN 12436 --- [restartedMain] d.s.r.o.OperationImplicitParameterReader : Coercing to be of type string. This may not even be a scalar type in actuality
2019-04-30 21:37:30.643  WARN 12436 --- [restartedMain] d.s.r.o.OperationImplicitParameterReader : Coercing to be of type string. This may not even be a scalar type in actuality
2019-04-30 21:37:30.643  INFO 12436 --- [restartedMain] .d.s.w.r.o.CachingOperationNameGenerator : Generating unique operation named: listForPageUsingGET_2
2019-04-30 21:37:30.649  WARN 12436 --- [restartedMain] d.s.r.o.OperationImplicitParameterReader : Coercing to be of type string. This may not even be a scalar type in actuality
2019-04-30 21:37:30.649  INFO 12436 --- [restartedMain] .d.s.w.r.o.CachingOperationNameGenerator : Generating unique operation named: deleteUsingPOST_2
2019-04-30 21:37:30.651  WARN 12436 --- [restartedMain] d.s.r.o.OperationImplicitParameterReader : Coercing to be of type string. This may not even be a scalar type in actuality
2019-04-30 21:37:30.651  INFO 12436 --- [restartedMain] .d.s.w.r.o.CachingOperationNameGenerator : Generating unique operation named: listBySidUsingGET_2
2019-04-30 21:37:30.652  WARN 12436 --- [restartedMain] d.s.r.o.OperationImplicitParameterReader : Coercing to be of type string. This may not even be a scalar type in actuality
2019-04-30 21:37:30.652  WARN 12436 --- [restartedMain] d.s.r.o.OperationImplicitParameterReader : Coercing to be of type string. This may not even be a scalar type in actuality
2019-04-30 21:37:30.652  INFO 12436 --- [restartedMain] .d.s.w.r.o.CachingOperationNameGenerator : Generating unique operation named: listForPageUsingGET_3
2019-04-30 21:37:30.653  WARN 12436 --- [restartedMain] d.s.r.o.OperationImplicitParameterReader : Coercing to be of type string. This may not even be a scalar type in actuality
2019-04-30 21:37:30.654  INFO 12436 --- [restartedMain] .d.s.w.r.o.CachingOperationNameGenerator : Generating unique operation named: saveUsingPOST_2
2019-04-30 21:37:30.654  WARN 12436 --- [restartedMain] d.s.r.o.OperationImplicitParameterReader : Coercing to be of type string. This may not even be a scalar type in actuality
2019-04-30 21:37:30.654  WARN 12436 --- [restartedMain] d.s.r.o.OperationImplicitParameterReader : Coercing to be of type string. This may not even be a scalar type in actuality
2019-04-30 21:37:30.655  INFO 12436 --- [restartedMain] .d.s.w.r.o.CachingOperationNameGenerator : Generating unique operation named: updateUsingPOST_2
2019-04-30 21:37:30.659  WARN 12436 --- [restartedMain] d.s.r.o.OperationImplicitParameterReader : Coercing to be of type string. This may not even be a scalar type in actuality
2019-04-30 21:37:30.659  INFO 12436 --- [restartedMain] .d.s.w.r.o.CachingOperationNameGenerator : Generating unique operation named: deleteUsingPOST_3
2019-04-30 21:37:30.692  WARN 12436 --- [restartedMain] d.s.r.o.OperationImplicitParameterReader : Coercing to be of type string. This may not even be a scalar type in actuality
2019-04-30 21:37:30.693  INFO 12436 --- [restartedMain] .d.s.w.r.o.CachingOperationNameGenerator : Generating unique operation named: joinUsingPOST_1
2019-04-30 21:37:30.694  WARN 12436 --- [restartedMain] d.s.r.o.OperationImplicitParameterReader : Coercing to be of type string. This may not even be a scalar type in actuality
2019-04-30 21:37:30.694  INFO 12436 --- [restartedMain] .d.s.w.r.o.CachingOperationNameGenerator : Generating unique operation named: listBySidUsingGET_3
2019-04-30 21:37:30.695  WARN 12436 --- [restartedMain] d.s.r.o.OperationImplicitParameterReader : Coercing to be of type string. This may not even be a scalar type in actuality
2019-04-30 21:37:30.695  WARN 12436 --- [restartedMain] d.s.r.o.OperationImplicitParameterReader : Coercing to be of type string. This may not even be a scalar type in actuality
2019-04-30 21:37:30.695  INFO 12436 --- [restartedMain] .d.s.w.r.o.CachingOperationNameGenerator : Generating unique operation named: listForPageUsingGET_4
2019-04-30 21:37:30.696  WARN 12436 --- [restartedMain] d.s.r.o.OperationImplicitParameterReader : Coercing to be of type string. This may not even be a scalar type in actuality
2019-04-30 21:37:30.696  INFO 12436 --- [restartedMain] .d.s.w.r.o.CachingOperationNameGenerator : Generating unique operation named: saveUsingPOST_3
2019-04-30 21:37:30.697  WARN 12436 --- [restartedMain] d.s.r.o.OperationImplicitParameterReader : Coercing to be of type string. This may not even be a scalar type in actuality
2019-04-30 21:37:30.697  WARN 12436 --- [restartedMain] d.s.r.o.OperationImplicitParameterReader : Coercing to be of type string. This may not even be a scalar type in actuality
2019-04-30 21:37:30.697  INFO 12436 --- [restartedMain] .d.s.w.r.o.CachingOperationNameGenerator : Generating unique operation named: updateUsingPOST_3
2019-04-30 21:37:30.699  WARN 12436 --- [restartedMain] d.s.r.o.OperationImplicitParameterReader : Coercing to be of type string. This may not even be a scalar type in actuality
2019-04-30 21:37:30.699  INFO 12436 --- [restartedMain] .d.s.w.r.o.CachingOperationNameGenerator : Generating unique operation named: deleteUsingPOST_4
2019-04-30 21:37:30.699  WARN 12436 --- [restartedMain] d.s.r.o.OperationImplicitParameterReader : Coercing to be of type string. This may not even be a scalar type in actuality
2019-04-30 21:37:30.700  INFO 12436 --- [restartedMain] .d.s.w.r.o.CachingOperationNameGenerator : Generating unique operation named: listBySidUsingGET_4
2019-04-30 21:37:30.700  WARN 12436 --- [restartedMain] d.s.r.o.OperationImplicitParameterReader : Coercing to be of type string. This may not even be a scalar type in actuality
2019-04-30 21:37:30.700  WARN 12436 --- [restartedMain] d.s.r.o.OperationImplicitParameterReader : Coercing to be of type string. This may not even be a scalar type in actuality
2019-04-30 21:37:30.701  INFO 12436 --- [restartedMain] .d.s.w.r.o.CachingOperationNameGenerator : Generating unique operation named: listForPageUsingGET_5
2019-04-30 21:37:30.701  WARN 12436 --- [restartedMain] d.s.r.o.OperationImplicitParameterReader : Coercing to be of type string. This may not even be a scalar type in actuality
2019-04-30 21:37:30.702  INFO 12436 --- [restartedMain] .d.s.w.r.o.CachingOperationNameGenerator : Generating unique operation named: saveUsingPOST_4
2019-04-30 21:37:30.702  WARN 12436 --- [restartedMain] d.s.r.o.OperationImplicitParameterReader : Coercing to be of type string. This may not even be a scalar type in actuality
2019-04-30 21:37:30.702  WARN 12436 --- [restartedMain] d.s.r.o.OperationImplicitParameterReader : Coercing to be of type string. This may not even be a scalar type in actuality
2019-04-30 21:37:30.703  INFO 12436 --- [restartedMain] .d.s.w.r.o.CachingOperationNameGenerator : Generating unique operation named: updateUsingPOST_4
2019-04-30 21:37:30.704  WARN 12436 --- [restartedMain] d.s.r.o.OperationImplicitParameterReader : Coercing to be of type string. This may not even be a scalar type in actuality
2019-04-30 21:37:30.705  INFO 12436 --- [restartedMain] .d.s.w.r.o.CachingOperationNameGenerator : Generating unique operation named: deleteUsingPOST_5
2019-04-30 21:37:30.705  WARN 12436 --- [restartedMain] d.s.r.o.OperationImplicitParameterReader : Coercing to be of type string. This may not even be a scalar type in actuality
2019-04-30 21:37:30.706  INFO 12436 --- [restartedMain] .d.s.w.r.o.CachingOperationNameGenerator : Generating unique operation named: listBySidUsingGET_5
2019-04-30 21:37:30.707  WARN 12436 --- [restartedMain] d.s.r.o.OperationImplicitParameterReader : Coercing to be of type string. This may not even be a scalar type in actuality
2019-04-30 21:37:30.707  WARN 12436 --- [restartedMain] d.s.r.o.OperationImplicitParameterReader : Coercing to be of type string. This may not even be a scalar type in actuality
2019-04-30 21:37:30.707  INFO 12436 --- [restartedMain] .d.s.w.r.o.CachingOperationNameGenerator : Generating unique operation named: listForPageUsingGET_6
2019-04-30 21:37:30.707  WARN 12436 --- [restartedMain] d.s.r.o.OperationImplicitParameterReader : Coercing to be of type string. This may not even be a scalar type in actuality
2019-04-30 21:37:30.708  INFO 12436 --- [restartedMain] .d.s.w.r.o.CachingOperationNameGenerator : Generating unique operation named: saveUsingPOST_5
2019-04-30 21:37:30.708  WARN 12436 --- [restartedMain] d.s.r.o.OperationImplicitParameterReader : Coercing to be of type string. This may not even be a scalar type in actuality
2019-04-30 21:37:30.709  WARN 12436 --- [restartedMain] d.s.r.o.OperationImplicitParameterReader : Coercing to be of type string. This may not even be a scalar type in actuality
2019-04-30 21:37:30.709  INFO 12436 --- [restartedMain] .d.s.w.r.o.CachingOperationNameGenerator : Generating unique operation named: updateUsingPOST_5
2019-04-30 21:37:30.710  WARN 12436 --- [restartedMain] d.s.r.o.OperationImplicitParameterReader : Coercing to be of type string. This may not even be a scalar type in actuality
2019-04-30 21:37:30.711  INFO 12436 --- [restartedMain] .d.s.w.r.o.CachingOperationNameGenerator : Generating unique operation named: deleteUsingPOST_6
2019-04-30 21:37:30.711  WARN 12436 --- [restartedMain] d.s.r.o.OperationImplicitParameterReader : Coercing to be of type string. This may not even be a scalar type in actuality
2019-04-30 21:37:30.712  INFO 12436 --- [restartedMain] .d.s.w.r.o.CachingOperationNameGenerator : Generating unique operation named: listBySidUsingGET_6
2019-04-30 21:37:30.712  WARN 12436 --- [restartedMain] d.s.r.o.OperationImplicitParameterReader : Coercing to be of type string. This may not even be a scalar type in actuality
2019-04-30 21:37:30.712  WARN 12436 --- [restartedMain] d.s.r.o.OperationImplicitParameterReader : Coercing to be of type string. This may not even be a scalar type in actuality
2019-04-30 21:37:30.713  INFO 12436 --- [restartedMain] .d.s.w.r.o.CachingOperationNameGenerator : Generating unique operation named: listForPageUsingGET_7
2019-04-30 21:37:30.714  WARN 12436 --- [restartedMain] d.s.r.o.OperationImplicitParameterReader : Coercing to be of type string. This may not even be a scalar type in actuality
2019-04-30 21:37:30.714  INFO 12436 --- [restartedMain] .d.s.w.r.o.CachingOperationNameGenerator : Generating unique operation named: saveUsingPOST_6
2019-04-30 21:37:30.715  WARN 12436 --- [restartedMain] d.s.r.o.OperationImplicitParameterReader : Coercing to be of type string. This may not even be a scalar type in actuality
2019-04-30 21:37:30.715  WARN 12436 --- [restartedMain] d.s.r.o.OperationImplicitParameterReader : Coercing to be of type string. This may not even be a scalar type in actuality
2019-04-30 21:37:30.715  INFO 12436 --- [restartedMain] .d.s.w.r.o.CachingOperationNameGenerator : Generating unique operation named: updateUsingPOST_6
2019-04-30 21:37:30.717  INFO 12436 --- [restartedMain] .d.s.w.r.o.CachingOperationNameGenerator : Generating unique operation named: reportUsingGET_1
2019-04-30 21:37:30.718  WARN 12436 --- [restartedMain] d.s.r.o.OperationImplicitParameterReader : Coercing to be of type string. This may not even be a scalar type in actuality
2019-04-30 21:37:30.718  WARN 12436 --- [restartedMain] d.s.r.o.OperationImplicitParameterReader : Coercing to be of type string. This may not even be a scalar type in actuality
2019-04-30 21:37:30.722  WARN 12436 --- [restartedMain] d.s.r.o.OperationImplicitParameterReader : Coercing to be of type string. This may not even be a scalar type in actuality
2019-04-30 21:37:30.722  WARN 12436 --- [restartedMain] d.s.r.o.OperationImplicitParameterReader : Coercing to be of type string. This may not even be a scalar type in actuality
2019-04-30 21:37:30.725  WARN 12436 --- [restartedMain] d.s.r.o.OperationImplicitParameterReader : Coercing to be of type string. This may not even be a scalar type in actuality
2019-04-30 21:37:30.725  WARN 12436 --- [restartedMain] d.s.r.o.OperationImplicitParameterReader : Coercing to be of type string. This may not even be a scalar type in actuality
2019-04-30 21:37:30.726  INFO 12436 --- [restartedMain] .d.s.w.r.o.CachingOperationNameGenerator : Generating unique operation named: listForPageUsingGET_8
2019-04-30 21:37:30.735  WARN 12436 --- [restartedMain] d.s.r.o.OperationImplicitParameterReader : Coercing to be of type string. This may not even be a scalar type in actuality
2019-04-30 21:37:30.736  INFO 12436 --- [restartedMain] .d.s.w.r.o.CachingOperationNameGenerator : Generating unique operation named: saveUsingPOST_7
2019-04-30 21:37:30.736  WARN 12436 --- [restartedMain] d.s.r.o.OperationImplicitParameterReader : Coercing to be of type string. This may not even be a scalar type in actuality
2019-04-30 21:37:30.736  WARN 12436 --- [restartedMain] d.s.r.o.OperationImplicitParameterReader : Coercing to be of type string. This may not even be a scalar type in actuality
2019-04-30 21:37:30.737  INFO 12436 --- [restartedMain] .d.s.w.r.o.CachingOperationNameGenerator : Generating unique operation named: updateUsingPOST_7
2019-04-30 21:37:30.738  WARN 12436 --- [restartedMain] d.s.r.o.OperationImplicitParameterReader : Coercing to be of type string. This may not even be a scalar type in actuality
2019-04-30 21:37:30.738  INFO 12436 --- [restartedMain] .d.s.w.r.o.CachingOperationNameGenerator : Generating unique operation named: deleteUsingPOST_7
2019-04-30 21:37:30.740  WARN 12436 --- [restartedMain] d.s.r.o.OperationImplicitParameterReader : Coercing to be of type string. This may not even be a scalar type in actuality
2019-04-30 21:37:30.740  INFO 12436 --- [restartedMain] .d.s.w.r.o.CachingOperationNameGenerator : Generating unique operation named: listBySidUsingGET_7
2019-04-30 21:37:30.741  WARN 12436 --- [restartedMain] d.s.r.o.OperationImplicitParameterReader : Coercing to be of type string. This may not even be a scalar type in actuality
2019-04-30 21:37:30.741  WARN 12436 --- [restartedMain] d.s.r.o.OperationImplicitParameterReader : Coercing to be of type string. This may not even be a scalar type in actuality
2019-04-30 21:37:30.741  INFO 12436 --- [restartedMain] .d.s.w.r.o.CachingOperationNameGenerator : Generating unique operation named: listForPageUsingGET_9
2019-04-30 21:37:30.741  WARN 12436 --- [restartedMain] d.s.r.o.OperationImplicitParameterReader : Coercing to be of type string. This may not even be a scalar type in actuality
2019-04-30 21:37:30.742  INFO 12436 --- [restartedMain] .d.s.w.r.o.CachingOperationNameGenerator : Generating unique operation named: saveUsingPOST_8
2019-04-30 21:37:30.742  WARN 12436 --- [restartedMain] d.s.r.o.OperationImplicitParameterReader : Coercing to be of type string. This may not even be a scalar type in actuality
2019-04-30 21:37:30.742  WARN 12436 --- [restartedMain] d.s.r.o.OperationImplicitParameterReader : Coercing to be of type string. This may not even be a scalar type in actuality
2019-04-30 21:37:30.743  INFO 12436 --- [restartedMain] .d.s.w.r.o.CachingOperationNameGenerator : Generating unique operation named: updateUsingPOST_8
2019-04-30 21:37:30.744  WARN 12436 --- [restartedMain] d.s.r.o.OperationImplicitParameterReader : Coercing to be of type string. This may not even be a scalar type in actuality
2019-04-30 21:37:30.744  INFO 12436 --- [restartedMain] .d.s.w.r.o.CachingOperationNameGenerator : Generating unique operation named: deleteUsingPOST_8
2019-04-30 21:37:30.745  WARN 12436 --- [restartedMain] d.s.r.o.OperationImplicitParameterReader : Coercing to be of type string. This may not even be a scalar type in actuality
2019-04-30 21:37:30.745  INFO 12436 --- [restartedMain] .d.s.w.r.o.CachingOperationNameGenerator : Generating unique operation named: listBySidUsingGET_8
2019-04-30 21:37:30.746  WARN 12436 --- [restartedMain] d.s.r.o.OperationImplicitParameterReader : Coercing to be of type string. This may not even be a scalar type in actuality
2019-04-30 21:37:30.746  WARN 12436 --- [restartedMain] d.s.r.o.OperationImplicitParameterReader : Coercing to be of type string. This may not even be a scalar type in actuality
2019-04-30 21:37:30.746  INFO 12436 --- [restartedMain] .d.s.w.r.o.CachingOperationNameGenerator : Generating unique operation named: listForPageUsingGET_10
2019-04-30 21:37:30.747  INFO 12436 --- [restartedMain] .d.s.w.r.o.CachingOperationNameGenerator : Generating unique operation named: reportUsingGET_2
2019-04-30 21:37:30.747  WARN 12436 --- [restartedMain] d.s.r.o.OperationImplicitParameterReader : Coercing to be of type string. This may not even be a scalar type in actuality
2019-04-30 21:37:30.747  INFO 12436 --- [restartedMain] .d.s.w.r.o.CachingOperationNameGenerator : Generating unique operation named: saveUsingPOST_9
2019-04-30 21:37:30.748  WARN 12436 --- [restartedMain] d.s.r.o.OperationImplicitParameterReader : Coercing to be of type string. This may not even be a scalar type in actuality
2019-04-30 21:37:30.748  WARN 12436 --- [restartedMain] d.s.r.o.OperationImplicitParameterReader : Coercing to be of type string. This may not even be a scalar type in actuality
2019-04-30 21:37:30.748  INFO 12436 --- [restartedMain] .d.s.w.r.o.CachingOperationNameGenerator : Generating unique operation named: updateUsingPOST_9
2019-04-30 21:37:30.750  WARN 12436 --- [restartedMain] d.s.r.o.OperationImplicitParameterReader : Coercing to be of type string. This may not even be a scalar type in actuality
2019-04-30 21:37:30.750  INFO 12436 --- [restartedMain] .d.s.w.r.o.CachingOperationNameGenerator : Generating unique operation named: deleteUsingPOST_9
2019-04-30 21:37:30.751  WARN 12436 --- [restartedMain] d.s.r.o.OperationImplicitParameterReader : Coercing to be of type string. This may not even be a scalar type in actuality
2019-04-30 21:37:30.752  INFO 12436 --- [restartedMain] .d.s.w.r.o.CachingOperationNameGenerator : Generating unique operation named: listBySidUsingGET_9
2019-04-30 21:37:30.752  WARN 12436 --- [restartedMain] d.s.r.o.OperationImplicitParameterReader : Coercing to be of type string. This may not even be a scalar type in actuality
2019-04-30 21:37:30.752  WARN 12436 --- [restartedMain] d.s.r.o.OperationImplicitParameterReader : Coercing to be of type string. This may not even be a scalar type in actuality
2019-04-30 21:37:30.753  INFO 12436 --- [restartedMain] .d.s.w.r.o.CachingOperationNameGenerator : Generating unique operation named: listForPageUsingGET_11
2019-04-30 21:37:30.753  INFO 12436 --- [restartedMain] .d.s.w.r.o.CachingOperationNameGenerator : Generating unique operation named: reportUsingGET_3
2019-04-30 21:37:30.754  WARN 12436 --- [restartedMain] d.s.r.o.OperationImplicitParameterReader : Coercing to be of type string. This may not even be a scalar type in actuality
2019-04-30 21:37:30.754  INFO 12436 --- [restartedMain] .d.s.w.r.o.CachingOperationNameGenerator : Generating unique operation named: saveUsingPOST_10
2019-04-30 21:37:30.755  WARN 12436 --- [restartedMain] d.s.r.o.OperationImplicitParameterReader : Coercing to be of type string. This may not even be a scalar type in actuality
2019-04-30 21:37:30.755  WARN 12436 --- [restartedMain] d.s.r.o.OperationImplicitParameterReader : Coercing to be of type string. This may not even be a scalar type in actuality
2019-04-30 21:37:30.755  INFO 12436 --- [restartedMain] .d.s.w.r.o.CachingOperationNameGenerator : Generating unique operation named: updateUsingPOST_10
2019-04-30 21:37:30.757  WARN 12436 --- [restartedMain] d.s.r.o.OperationImplicitParameterReader : Coercing to be of type string. This may not even be a scalar type in actuality
2019-04-30 21:37:30.757  INFO 12436 --- [restartedMain] .d.s.w.r.o.CachingOperationNameGenerator : Generating unique operation named: deleteUsingPOST_10
2019-04-30 21:37:30.758  INFO 12436 --- [restartedMain] .d.s.w.r.o.CachingOperationNameGenerator : Generating unique operation named: joinUsingPOST_2
2019-04-30 21:37:30.759  INFO 12436 --- [restartedMain] .d.s.w.r.o.CachingOperationNameGenerator : Generating unique operation named: listByIdUsingGET_1
2019-04-30 21:37:30.760  WARN 12436 --- [restartedMain] d.s.r.o.OperationImplicitParameterReader : Coercing to be of type string. This may not even be a scalar type in actuality
2019-04-30 21:37:30.760  WARN 12436 --- [restartedMain] d.s.r.o.OperationImplicitParameterReader : Coercing to be of type string. This may not even be a scalar type in actuality
2019-04-30 21:37:30.761  INFO 12436 --- [restartedMain] .d.s.w.r.o.CachingOperationNameGenerator : Generating unique operation named: listForPageUsingGET_12
2019-04-30 21:37:30.762  WARN 12436 --- [restartedMain] d.s.r.o.OperationImplicitParameterReader : Coercing to be of type string. This may not even be a scalar type in actuality
2019-04-30 21:37:30.762  INFO 12436 --- [restartedMain] .d.s.w.r.o.CachingOperationNameGenerator : Generating unique operation named: saveUsingPOST_11
2019-04-30 21:37:30.763  WARN 12436 --- [restartedMain] d.s.r.o.OperationImplicitParameterReader : Coercing to be of type string. This may not even be a scalar type in actuality
2019-04-30 21:37:30.763  WARN 12436 --- [restartedMain] d.s.r.o.OperationImplicitParameterReader : Coercing to be of type string. This may not even be a scalar type in actuality
2019-04-30 21:37:30.763  INFO 12436 --- [restartedMain] .d.s.w.r.o.CachingOperationNameGenerator : Generating unique operation named: updateUsingPOST_11
2019-04-30 21:37:30.764  WARN 12436 --- [restartedMain] d.s.r.o.OperationImplicitParameterReader : Coercing to be of type string. This may not even be a scalar type in actuality
2019-04-30 21:37:30.764  INFO 12436 --- [restartedMain] .d.s.w.r.o.CachingOperationNameGenerator : Generating unique operation named: deleteUsingPOST_11
2019-04-30 21:37:30.765  WARN 12436 --- [restartedMain] d.s.r.o.OperationImplicitParameterReader : Coercing to be of type string. This may not even be a scalar type in actuality
2019-04-30 21:37:30.765  INFO 12436 --- [restartedMain] .d.s.w.r.o.CachingOperationNameGenerator : Generating unique operation named: listBySidUsingGET_10
2019-04-30 21:37:30.766  WARN 12436 --- [restartedMain] d.s.r.o.OperationImplicitParameterReader : Coercing to be of type string. This may not even be a scalar type in actuality
2019-04-30 21:37:30.766  WARN 12436 --- [restartedMain] d.s.r.o.OperationImplicitParameterReader : Coercing to be of type string. This may not even be a scalar type in actuality
2019-04-30 21:37:30.766  INFO 12436 --- [restartedMain] .d.s.w.r.o.CachingOperationNameGenerator : Generating unique operation named: listForPageUsingGET_13
2019-04-30 21:37:30.767  WARN 12436 --- [restartedMain] d.s.r.o.OperationImplicitParameterReader : Coercing to be of type string. This may not even be a scalar type in actuality
2019-04-30 21:37:30.767  INFO 12436 --- [restartedMain] .d.s.w.r.o.CachingOperationNameGenerator : Generating unique operation named: saveUsingPOST_12
2019-04-30 21:37:30.767  WARN 12436 --- [restartedMain] d.s.r.o.OperationImplicitParameterReader : Coercing to be of type string. This may not even be a scalar type in actuality
2019-04-30 21:37:30.767  WARN 12436 --- [restartedMain] d.s.r.o.OperationImplicitParameterReader : Coercing to be of type string. This may not even be a scalar type in actuality
2019-04-30 21:37:30.768  INFO 12436 --- [restartedMain] .d.s.w.r.o.CachingOperationNameGenerator : Generating unique operation named: updateUsingPOST_12
2019-04-30 21:37:30.769  WARN 12436 --- [restartedMain] d.s.r.o.OperationImplicitParameterReader : Coercing to be of type string. This may not even be a scalar type in actuality
2019-04-30 21:37:30.769  INFO 12436 --- [restartedMain] .d.s.w.r.o.CachingOperationNameGenerator : Generating unique operation named: deleteUsingPOST_12
2019-04-30 21:37:30.769  WARN 12436 --- [restartedMain] d.s.r.o.OperationImplicitParameterReader : Coercing to be of type string. This may not even be a scalar type in actuality
2019-04-30 21:37:30.770  INFO 12436 --- [restartedMain] .d.s.w.r.o.CachingOperationNameGenerator : Generating unique operation named: listBySidUsingGET_11
2019-04-30 21:37:30.770  WARN 12436 --- [restartedMain] d.s.r.o.OperationImplicitParameterReader : Coercing to be of type string. This may not even be a scalar type in actuality
2019-04-30 21:37:30.770  WARN 12436 --- [restartedMain] d.s.r.o.OperationImplicitParameterReader : Coercing to be of type string. This may not even be a scalar type in actuality
2019-04-30 21:37:30.771  INFO 12436 --- [restartedMain] .d.s.w.r.o.CachingOperationNameGenerator : Generating unique operation named: listForPageUsingGET_14
2019-04-30 21:37:30.771  WARN 12436 --- [restartedMain] d.s.r.o.OperationImplicitParameterReader : Coercing to be of type string. This may not even be a scalar type in actuality
2019-04-30 21:37:30.771  INFO 12436 --- [restartedMain] .d.s.w.r.o.CachingOperationNameGenerator : Generating unique operation named: saveUsingPOST_13
2019-04-30 21:37:30.772  WARN 12436 --- [restartedMain] d.s.r.o.OperationImplicitParameterReader : Coercing to be of type string. This may not even be a scalar type in actuality
2019-04-30 21:37:30.772  WARN 12436 --- [restartedMain] d.s.r.o.OperationImplicitParameterReader : Coercing to be of type string. This may not even be a scalar type in actuality
2019-04-30 21:37:30.773  INFO 12436 --- [restartedMain] .d.s.w.r.o.CachingOperationNameGenerator : Generating unique operation named: updateUsingPOST_13
2019-04-30 21:37:30.774  WARN 12436 --- [restartedMain] d.s.r.o.OperationImplicitParameterReader : Coercing to be of type string. This may not even be a scalar type in actuality
2019-04-30 21:37:30.774  INFO 12436 --- [restartedMain] .d.s.w.r.o.CachingOperationNameGenerator : Generating unique operation named: deleteUsingPOST_13
2019-04-30 21:37:30.775  WARN 12436 --- [restartedMain] d.s.r.o.OperationImplicitParameterReader : Coercing to be of type string. This may not even be a scalar type in actuality
2019-04-30 21:37:30.775  INFO 12436 --- [restartedMain] .d.s.w.r.o.CachingOperationNameGenerator : Generating unique operation named: listBySidUsingGET_12
2019-04-30 21:37:30.775  WARN 12436 --- [restartedMain] d.s.r.o.OperationImplicitParameterReader : Coercing to be of type string. This may not even be a scalar type in actuality
2019-04-30 21:37:30.775  WARN 12436 --- [restartedMain] d.s.r.o.OperationImplicitParameterReader : Coercing to be of type string. This may not even be a scalar type in actuality
2019-04-30 21:37:30.776  INFO 12436 --- [restartedMain] .d.s.w.r.o.CachingOperationNameGenerator : Generating unique operation named: listForPageUsingGET_15
2019-04-30 21:37:30.776  WARN 12436 --- [restartedMain] d.s.r.o.OperationImplicitParameterReader : Coercing to be of type string. This may not even be a scalar type in actuality
2019-04-30 21:37:30.776  INFO 12436 --- [restartedMain] .d.s.w.r.o.CachingOperationNameGenerator : Generating unique operation named: saveUsingPOST_14
2019-04-30 21:37:30.777  WARN 12436 --- [restartedMain] d.s.r.o.OperationImplicitParameterReader : Coercing to be of type string. This may not even be a scalar type in actuality
2019-04-30 21:37:30.777  WARN 12436 --- [restartedMain] d.s.r.o.OperationImplicitParameterReader : Coercing to be of type string. This may not even be a scalar type in actuality
2019-04-30 21:37:30.777  INFO 12436 --- [restartedMain] .d.s.w.r.o.CachingOperationNameGenerator : Generating unique operation named: updateUsingPOST_14
2019-04-30 21:37:30.779  WARN 12436 --- [restartedMain] d.s.r.o.OperationImplicitParameterReader : Coercing to be of type string. This may not even be a scalar type in actuality
2019-04-30 21:37:30.779  WARN 12436 --- [restartedMain] d.s.r.o.OperationImplicitParameterReader : Coercing to be of type string. This may not even be a scalar type in actuality
2019-04-30 21:37:30.779  INFO 12436 --- [restartedMain] .d.s.w.r.o.CachingOperationNameGenerator : Generating unique operation named: deleteUsingPOST_14
2019-04-30 21:37:30.789  WARN 12436 --- [restartedMain] d.s.r.o.OperationImplicitParameterReader : Coercing to be of type string. This may not even be a scalar type in actuality
2019-04-30 21:37:30.789  INFO 12436 --- [restartedMain] .d.s.w.r.o.CachingOperationNameGenerator : Generating unique operation named: saveUsingPOST_15
2019-04-30 21:37:30.790  WARN 12436 --- [restartedMain] d.s.r.o.OperationImplicitParameterReader : Coercing to be of type string. This may not even be a scalar type in actuality
2019-04-30 21:37:30.790  WARN 12436 --- [restartedMain] d.s.r.o.OperationImplicitParameterReader : Coercing to be of type string. This may not even be a scalar type in actuality
2019-04-30 21:37:30.790  INFO 12436 --- [restartedMain] .d.s.w.r.o.CachingOperationNameGenerator : Generating unique operation named: updateUsingPOST_15
2019-04-30 21:37:30.963  INFO 12436 --- [restartedMain] s.a.ScheduledAnnotationBeanPostProcessor : No TaskScheduler/ScheduledExecutorService bean found for scheduled processing
2019-04-30 21:37:30.987  INFO 12436 --- [restartedMain] o.s.b.w.embedded.tomcat.TomcatWebServer  : Tomcat started on port(s): 9091 (http) with context path '/api'
2019-04-30 21:37:30.991  INFO 12436 --- [restartedMain] com.skytech.api.SkytechApiApplication    : Started SkytechApiApplication in 9.281 seconds (JVM running for 9.974)
2019-04-30 21:37:40.679  INFO 12436 --- [http-nio-9091-exec-1] o.a.c.c.C.[Tomcat].[localhost].[/api]    : Initializing Spring FrameworkServlet 'dispatcherServlet'
2019-04-30 21:37:40.679  INFO 12436 --- [http-nio-9091-exec-1] o.s.web.servlet.DispatcherServlet        : FrameworkServlet 'dispatcherServlet': initialization started
2019-04-30 21:37:40.706  INFO 12436 --- [http-nio-9091-exec-1] o.s.web.servlet.DispatcherServlet        : FrameworkServlet 'dispatcherServlet': initialization completed in 27 ms
2019-04-30 21:37:40.766  INFO 12436 --- [http-nio-9091-exec-1] com.skytech.api.config.AuthInterceptor   : session=345b0fb7-8b7a-42de-bd7f-74ae4885694a
2019-04-30 21:37:40.766  INFO 12436 --- [http-nio-9091-exec-1] com.skytech.api.config.AuthInterceptor   : ----------begin AuthInterceptor-------------
2019-04-30 21:37:40.766  INFO 12436 --- [http-nio-9091-exec-1] com.skytech.api.config.AuthInterceptor   : recordTime={}Tue Apr 30 21:37:40 CST 2019
2019-04-30 21:37:40.766  INFO 12436 --- [http-nio-9091-exec-1] com.skytech.api.config.AuthInterceptor   : uri=/api/tEvent/listById
2019-04-30 21:37:40.778  INFO 12436 --- [http-nio-9091-exec-1] com.skytech.api.config.AuthInterceptor   : {}:{}:domain={}:path={}:toString={}SESSION ; MzQ1YjBmYjctOGI3YS00MmRlLWJkN2YtNzRhZTQ4ODU2OTRh ; null ; null ; javax.servlet.http.Cookie@446155f8
2019-04-30 21:37:40.778  INFO 12436 --- [http-nio-9091-exec-1] com.skytech.api.config.AuthInterceptor   : {}:{}:domain={}:path={}:toString={}JSESSIONID ; 91CA143810EC105E4C6AE0887FFE03D9 ; null ; null ; javax.servlet.http.Cookie@67a863ff
2019-04-30 21:37:40.778  INFO 12436 --- [http-nio-9091-exec-1] com.skytech.api.config.AuthInterceptor   : url={}:uri={}:method={}:params={}http://127.0.0.1:9091/api/tEvent/listById ; /api/tEvent/listById ; GET ; {"eventId":["5"]}
2019-04-30 21:37:40.778  INFO 12436 --- [http-nio-9091-exec-1] com.skytech.api.config.AuthInterceptor   : -----------end AuthInterceptor------------
2019-04-30 21:37:40.781  INFO 12436 --- [http-nio-9091-exec-1] com.skytech.api.config.AuthInterceptor   : accountSidObj={}4982d9263f804e4a8afb0dd3321c569a
2019-04-30 21:37:40.781  INFO 12436 --- [http-nio-9091-exec-1] com.skytech.api.config.AuthInterceptor   : accountIdObj=4982d9263f804e4a8afb0dd3321c569a
2019-04-30 21:37:40.821  INFO 12436 --- [http-nio-9091-exec-1] com.alibaba.druid.pool.DruidDataSource   : {dataSource-1} inited
2019-04-30 21:38:38.120  INFO 12436 --- [http-nio-9091-exec-2] com.skytech.api.config.AuthInterceptor   : session=345b0fb7-8b7a-42de-bd7f-74ae4885694a
2019-04-30 21:38:38.120  INFO 12436 --- [http-nio-9091-exec-2] com.skytech.api.config.AuthInterceptor   : ----------begin AuthInterceptor-------------
2019-04-30 21:38:38.120  INFO 12436 --- [http-nio-9091-exec-2] com.skytech.api.config.AuthInterceptor   : recordTime={}Tue Apr 30 21:38:38 CST 2019
2019-04-30 21:38:38.120  INFO 12436 --- [http-nio-9091-exec-2] com.skytech.api.config.AuthInterceptor   : uri=/api/myVouchers/findAllVouchers
2019-04-30 21:38:38.122  INFO 12436 --- [http-nio-9091-exec-2] com.skytech.api.config.AuthInterceptor   : {}:{}:domain={}:path={}:toString={}SESSION ; MzQ1YjBmYjctOGI3YS00MmRlLWJkN2YtNzRhZTQ4ODU2OTRh ; null ; null ; javax.servlet.http.Cookie@7d277765
2019-04-30 21:38:38.122  INFO 12436 --- [http-nio-9091-exec-2] com.skytech.api.config.AuthInterceptor   : {}:{}:domain={}:path={}:toString={}JSESSIONID ; 91CA143810EC105E4C6AE0887FFE03D9 ; null ; null ; javax.servlet.http.Cookie@230fb399
2019-04-30 21:38:38.122  INFO 12436 --- [http-nio-9091-exec-2] com.skytech.api.config.AuthInterceptor   : url={}:uri={}:method={}:params={}http://127.0.0.1:9091/api/myVouchers/findAllVouchers ; /api/myVouchers/findAllVouchers ; GET ; {}
2019-04-30 21:38:38.122  INFO 12436 --- [http-nio-9091-exec-2] com.skytech.api.config.AuthInterceptor   : -----------end AuthInterceptor------------
2019-04-30 21:38:38.122  INFO 12436 --- [http-nio-9091-exec-2] com.skytech.api.config.AuthInterceptor   : accountSidObj={}4982d9263f804e4a8afb0dd3321c569a
2019-04-30 21:38:38.122  INFO 12436 --- [http-nio-9091-exec-2] com.skytech.api.config.AuthInterceptor   : accountIdObj=4982d9263f804e4a8afb0dd3321c569a
